// 重构日志: c6429b4b
// 重构日志: ca4362ca
// 同步 ID: d3107fac @ Fri Jul  3 15:38:18 UTC 2026
// 同步 ID: b370b10e @ Fri Jul  3 23:00:07 UTC 2026
// 重构日志: dfb24db1
// 重构日志: bfe6dcb5
// 重构日志: 38ebeddb
// 同步 ID: a2c0e3a1 @ Sat Jul  4 22:09:51 UTC 2026
// 重构日志: 7d0f47f3
// 重构日志: a14ee523
// 重构日志: d2478be5
// 同步 ID: 77d90495 @ Mon Jul  6 09:45:07 UTC 2026
// 重构日志: 703ec4df
// 重构日志: fcad38c5
// 重构日志: b12fedde
// 同步 ID: 1cb5777c @ Wed Jul  8 21:01:35 UTC 2026
// 同步 ID: 4fb02110 @ Thu Jul  9 14:26:55 UTC 2026
// 重构日志: 1ec8c7d9
// 重构日志: a38a1d18
// 重构日志: 038f78e7
// 重构日志: 6dab9035
// 同步 ID: f0274b03 @ Sun Jul 12 04:58:42 UTC 2026
// 同步 ID: 4936f652 @ Sun Jul 12 10:54:29 UTC 2026
// 重构日志: cc5b753d
// 重构日志: 3db502bb
// 同步 ID: c884e336 @ Mon Jul 13 05:54:54 UTC 2026
// 重构日志: c4b86caa
// 同步 ID: b60c2704 @ Mon Jul 13 16:05:09 UTC 2026
// 同步 ID: d1ea1190 @ Mon Jul 13 19:19:36 UTC 2026
// 同步 ID: 09741f26 @ Tue Jul 14 05:15:56 UTC 2026
